<?xml version="1.0" encoding="UTF-8"?>
<testsuite xmlns:xsi="http://www.w3.org/2001/XMLSchema-instance" xsi:noNamespaceSchemaLocation="https://maven.apache.org/surefire/maven-surefire-plugin/xsd/surefire-test-report-3.0.xsd" version="3.0" name="TestSuite" time="14.241" tests="10" errors="0" skipped="7" failures="3">
  <properties>
[...]
</properties>
  <testcase name="initialize" classname="Academy.NavigationBar" time="10.186">
    <failure message="session not created: This version of ChromeDriver only supports Chrome version 79&#10;Build info: version: &apos;3.141.59&apos;, revision: &apos;e82be7d358&apos;, time: &apos;2018-11-14T08:17:03&apos;&#10;System info: host: &apos;LAPTOP-3I3FSMH6&apos;, ip: &apos;192.168.0.5&apos;, os.name: &apos;Windows 10&apos;, os.arch: &apos;amd64&apos;, os.version: &apos;10.0&apos;, java.version: &apos;1.8.0_231&apos;&#10;Driver info: driver.version: ChromeDriver&#10;remote stacktrace: Backtrace:&#10;	Ordinal0 [0x0117A113+1548563]&#10;	Ordinal0 [0x010FDDA1+1039777]&#10;	Ordinal0 [0x0107E485+517253]&#10;	Ordinal0 [0x0100FD34+64820]&#10;	Ordinal0 [0x0100C61E+50718]&#10;	Ordinal0 [0x0102B797+178071]&#10;	Ordinal0 [0x0102B59D+177565]&#10;	Ordinal0 [0x010295FB+169467]&#10;	Ordinal0 [0x0101160A+71178]&#10;	Ordinal0 [0x01012690+75408]&#10;	Ordinal0 [0x01012629+75305]&#10;	Ordinal0 [0x011171B7+1143223]&#10;	GetHandleVerifier [0x01212B46+507814]&#10;	GetHandleVerifier [0x01212864+507076]&#10;	GetHandleVerifier [0x01219F47+537511]&#10;	GetHandleVerifier [0x01213402+510050]&#10;	Ordinal0 [0x0110F29C+1110684]&#10;	Ordinal0 [0x0111938B+1151883]&#10;	Ordinal0 [0x011194F3+1152243]&#10;	Ordinal0 [0x011183F5+1147893]&#10;	BaseThreadInitThunk [0x76C86359+25]&#10;	RtlGetAppContainerNamedObjectPath [0x77397C14+228]&#10;	RtlGetAppContainerNamedObjectPath [0x77397BE4+180]&#10;" type="org.openqa.selenium.SessionNotCreatedException"><![CDATA[org.openqa.selenium.SessionNotCreatedException: 
session not created: This version of ChromeDriver only supports Chrome version 79
Build info: version: '3.141.59', revision: 'e82be7d358', time: '2018-11-14T08:17:03'
System info: host: 'LAPTOP-3I3FSMH6', ip: '192.168.0.5', os.name: 'Windows 10', os.arch: 'amd64', os.version: '10.0', java.version: '1.8.0_231'
Driver info: driver.version: ChromeDriver
remote stacktrace: Backtrace:
	Ordinal0 [0x0117A113+1548563]
	Ordinal0 [0x010FDDA1+1039777]
	Ordinal0 [0x0107E485+517253]
	Ordinal0 [0x0100FD34+64820]
	Ordinal0 [0x0100C61E+50718]
	Ordinal0 [0x0102B797+178071]
	Ordinal0 [0x0102B59D+177565]
	Ordinal0 [0x010295FB+169467]
	Ordinal0 [0x0101160A+71178]
	Ordinal0 [0x01012690+75408]
	Ordinal0 [0x01012629+75305]
	Ordinal0 [0x011171B7+1143223]
	GetHandleVerifier [0x01212B46+507814]
	GetHandleVerifier [0x01212864+507076]
	GetHandleVerifier [0x01219F47+537511]
	GetHandleVerifier [0x01213402+510050]
	Ordinal0 [0x0110F29C+1110684]
	Ordinal0 [0x0111938B+1151883]
	Ordinal0 [0x011194F3+1152243]
	Ordinal0 [0x011183F5+1147893]
	BaseThreadInitThunk [0x76C86359+25]
	RtlGetAppContainerNamedObjectPath [0x77397C14+228]
	RtlGetAppContainerNamedObjectPath [0x77397BE4+180]

	at Academy.NavigationBar.initialize(NavigationBar.java:21)
]]></failure>
    <system-out><![CDATA[chrome
]]></system-out>
    <system-err><![CDATA[Starting ChromeDriver 79.0.3945.36 (3582db32b33893869b8c1339e8f4d9ed1816f143-refs/branch-heads/3945@{#614}) on port 10138
Only local connections are allowed.
Please protect ports used by ChromeDriver and related test frameworks to prevent access by malicious code.
]]></system-err>
  </testcase>
  <testcase name="basePageNavigation" classname="Academy.NavigationBar" time="0">
    <skipped/>
  </testcase>
  <testcase name="tearDown" classname="Academy.NavigationBar" time="0">
    <skipped/>
  </testcase>
  <testcase name="initialize" classname="Academy.HomePage" time="1.603">
    <failure message="session not created: This version of ChromeDriver only supports Chrome version 79&#10;Build info: version: &apos;3.141.59&apos;, revision: &apos;e82be7d358&apos;, time: &apos;2018-11-14T08:17:03&apos;&#10;System info: host: &apos;LAPTOP-3I3FSMH6&apos;, ip: &apos;192.168.0.5&apos;, os.name: &apos;Windows 10&apos;, os.arch: &apos;amd64&apos;, os.version: &apos;10.0&apos;, java.version: &apos;1.8.0_231&apos;&#10;Driver info: driver.version: ChromeDriver&#10;remote stacktrace: Backtrace:&#10;	Ordinal0 [0x0117A113+1548563]&#10;	Ordinal0 [0x010FDDA1+1039777]&#10;	Ordinal0 [0x0107E485+517253]&#10;	Ordinal0 [0x0100FD34+64820]&#10;	Ordinal0 [0x0100C61E+50718]&#10;	Ordinal0 [0x0102B797+178071]&#10;	Ordinal0 [0x0102B59D+177565]&#10;	Ordinal0 [0x010295FB+169467]&#10;	Ordinal0 [0x0101160A+71178]&#10;	Ordinal0 [0x01012690+75408]&#10;	Ordinal0 [0x01012629+75305]&#10;	Ordinal0 [0x011171B7+1143223]&#10;	GetHandleVerifier [0x01212B46+507814]&#10;	GetHandleVerifier [0x01212864+507076]&#10;	GetHandleVerifier [0x01219F47+537511]&#10;	GetHandleVerifier [0x01213402+510050]&#10;	Ordinal0 [0x0110F29C+1110684]&#10;	Ordinal0 [0x0111938B+1151883]&#10;	Ordinal0 [0x011194F3+1152243]&#10;	Ordinal0 [0x011183F5+1147893]&#10;	BaseThreadInitThunk [0x76C86359+25]&#10;	RtlGetAppContainerNamedObjectPath [0x77397C14+228]&#10;	RtlGetAppContainerNamedObjectPath [0x77397BE4+180]&#10;" type="org.openqa.selenium.SessionNotCreatedException"><![CDATA[org.openqa.selenium.SessionNotCreatedException: 
session not created: This version of ChromeDriver only supports Chrome version 79
Build info: version: '3.141.59', revision: 'e82be7d358', time: '2018-11-14T08:17:03'
System info: host: 'LAPTOP-3I3FSMH6', ip: '192.168.0.5', os.name: 'Windows 10', os.arch: 'amd64', os.version: '10.0', java.version: '1.8.0_231'
Driver info: driver.version: ChromeDriver
remote stacktrace: Backtrace:
	Ordinal0 [0x0117A113+1548563]
	Ordinal0 [0x010FDDA1+1039777]
	Ordinal0 [0x0107E485+517253]
	Ordinal0 [0x0100FD34+64820]
	Ordinal0 [0x0100C61E+50718]
	Ordinal0 [0x0102B797+178071]
	Ordinal0 [0x0102B59D+177565]
	Ordinal0 [0x010295FB+169467]
	Ordinal0 [0x0101160A+71178]
	Ordinal0 [0x01012690+75408]
	Ordinal0 [0x01012629+75305]
	Ordinal0 [0x011171B7+1143223]
	GetHandleVerifier [0x01212B46+507814]
	GetHandleVerifier [0x01212864+507076]
	GetHandleVerifier [0x01219F47+537511]
	GetHandleVerifier [0x01213402+510050]
	Ordinal0 [0x0110F29C+1110684]
	Ordinal0 [0x0111938B+1151883]
	Ordinal0 [0x011194F3+1152243]
	Ordinal0 [0x011183F5+1147893]
	BaseThreadInitThunk [0x76C86359+25]
	RtlGetAppContainerNamedObjectPath [0x77397C14+228]
	RtlGetAppContainerNamedObjectPath [0x77397BE4+180]

	at Academy.HomePage.initialize(HomePage.java:22)
]]></failure>
    <system-out><![CDATA[chrome
]]></system-out>
    <system-err><![CDATA[Starting ChromeDriver 79.0.3945.36 (3582db32b33893869b8c1339e8f4d9ed1816f143-refs/branch-heads/3945@{#614}) on port 20386
Only local connections are allowed.
Please protect ports used by ChromeDriver and related test frameworks to prevent access by malicious code.
]]></system-err>
  </testcase>
  <testcase name="basePageNavigation" classname="Academy.HomePage" time="0">
    <skipped/>
  </testcase>
  <testcase name="basePageNavigation" classname="Academy.HomePage" time="0">
    <skipped/>
  </testcase>
  <testcase name="tearDown" classname="Academy.HomePage" time="0">
    <skipped/>
  </testcase>
  <testcase name="initialize" classname="Academy.validateTitle" time="1.551">
    <failure message="session not created: This version of ChromeDriver only supports Chrome version 79&#10;Build info: version: &apos;3.141.59&apos;, revision: &apos;e82be7d358&apos;, time: &apos;2018-11-14T08:17:03&apos;&#10;System info: host: &apos;LAPTOP-3I3FSMH6&apos;, ip: &apos;192.168.0.5&apos;, os.name: &apos;Windows 10&apos;, os.arch: &apos;amd64&apos;, os.version: &apos;10.0&apos;, java.version: &apos;1.8.0_231&apos;&#10;Driver info: driver.version: ChromeDriver&#10;remote stacktrace: Backtrace:&#10;	Ordinal0 [0x0117A113+1548563]&#10;	Ordinal0 [0x010FDDA1+1039777]&#10;	Ordinal0 [0x0107E485+517253]&#10;	Ordinal0 [0x0100FD34+64820]&#10;	Ordinal0 [0x0100C61E+50718]&#10;	Ordinal0 [0x0102B797+178071]&#10;	Ordinal0 [0x0102B59D+177565]&#10;	Ordinal0 [0x010295FB+169467]&#10;	Ordinal0 [0x0101160A+71178]&#10;	Ordinal0 [0x01012690+75408]&#10;	Ordinal0 [0x01012629+75305]&#10;	Ordinal0 [0x011171B7+1143223]&#10;	GetHandleVerifier [0x01212B46+507814]&#10;	GetHandleVerifier [0x01212864+507076]&#10;	GetHandleVerifier [0x01219F47+537511]&#10;	GetHandleVerifier [0x01213402+510050]&#10;	Ordinal0 [0x0110F29C+1110684]&#10;	Ordinal0 [0x0111938B+1151883]&#10;	Ordinal0 [0x011194F3+1152243]&#10;	Ordinal0 [0x011183F5+1147893]&#10;	BaseThreadInitThunk [0x76C86359+25]&#10;	RtlGetAppContainerNamedObjectPath [0x77397C14+228]&#10;	RtlGetAppContainerNamedObjectPath [0x77397BE4+180]&#10;" type="org.openqa.selenium.SessionNotCreatedException"><![CDATA[org.openqa.selenium.SessionNotCreatedException: 
session not created: This version of ChromeDriver only supports Chrome version 79
Build info: version: '3.141.59', revision: 'e82be7d358', time: '2018-11-14T08:17:03'
System info: host: 'LAPTOP-3I3FSMH6', ip: '192.168.0.5', os.name: 'Windows 10', os.arch: 'amd64', os.version: '10.0', java.version: '1.8.0_231'
Driver info: driver.version: ChromeDriver
remote stacktrace: Backtrace:
	Ordinal0 [0x0117A113+1548563]
	Ordinal0 [0x010FDDA1+1039777]
	Ordinal0 [0x0107E485+517253]
	Ordinal0 [0x0100FD34+64820]
	Ordinal0 [0x0100C61E+50718]
	Ordinal0 [0x0102B797+178071]
	Ordinal0 [0x0102B59D+177565]
	Ordinal0 [0x010295FB+169467]
	Ordinal0 [0x0101160A+71178]
	Ordinal0 [0x01012690+75408]
	Ordinal0 [0x01012629+75305]
	Ordinal0 [0x011171B7+1143223]
	GetHandleVerifier [0x01212B46+507814]
	GetHandleVerifier [0x01212864+507076]
	GetHandleVerifier [0x01219F47+537511]
	GetHandleVerifier [0x01213402+510050]
	Ordinal0 [0x0110F29C+1110684]
	Ordinal0 [0x0111938B+1151883]
	Ordinal0 [0x011194F3+1152243]
	Ordinal0 [0x011183F5+1147893]
	BaseThreadInitThunk [0x76C86359+25]
	RtlGetAppContainerNamedObjectPath [0x77397C14+228]
	RtlGetAppContainerNamedObjectPath [0x77397BE4+180]

	at Academy.validateTitle.initialize(validateTitle.java:21)
]]></failure>
    <system-out><![CDATA[chrome
]]></system-out>
    <system-err><![CDATA[Starting ChromeDriver 79.0.3945.36 (3582db32b33893869b8c1339e8f4d9ed1816f143-refs/branch-heads/3945@{#614}) on port 44032
Only local connections are allowed.
Please protect ports used by ChromeDriver and related test frameworks to prevent access by malicious code.
]]></system-err>
  </testcase>
  <testcase name="basePageNavigation" classname="Academy.validateTitle" time="0">
    <skipped/>
  </testcase>
  <testcase name="tearDown" classname="Academy.validateTitle" time="0">
    <skipped/>
  </testcase>
</testsuite>