<?xml version="1.0" encoding="UTF-8"?>
<!-- Generated by org.testng.reporters.JUnitXMLReporter -->
<testsuite hostname="LAPTOP-3I3FSMH6" name="Test" tests="4" failures="0" timestamp="17 Apr 2020 00:57:25 GMT" time="55.909" errors="0">
  <testcase name="basePageNavigation" time="0.148" classname="Academy.NavigationBar"/>
  <testcase name="basePageNavigation" time="9.472" classname="Academy.HomePage"/>
  <testcase name="basePageNavigation" time="7.246" classname="Academy.HomePage"/>
  <testcase name="basePageNavigation" time="0.049" classname="Academy.validateTitle"/>
</testsuite> <!-- Test -->
